[2024.09.27 17:43:56] INFO: "GET / HTTP/1.1" 200 0
[2024.09.27 17:43:56] WARNING: "GET /favicon.ico HTTP/1.1" 404 4440
[2024.09.27 17:44:01] INFO: "GET /signup/ HTTP/1.1" 200 4249
[2024.09.27 17:44:09] INFO: "GET /catalog/ HTTP/1.1" 200 4379
[2024.09.27 17:44:10] INFO: "GET /media/static/img/%D0%A1%D0%BD%D0%B8%D0%BC%D0%BE%D0%BA_%D1%8D%D0%BA%D1%80%D0%B0%D0%BD%D0%B0_1.png HTTP/1.1" 304 0
[2024.09.27 17:44:10] INFO: "GET /media/static/img/bmw-3-series-sedan-m-automobiles-sd-individual-10.jpg HTTP/1.1" 304 0
[2024.09.27 17:44:25] INFO: "GET /logout/ HTTP/1.1" 302 0
[2024.09.27 17:44:25] INFO: "GET / HTTP/1.1" 200 0
[2024.09.27 17:44:29] INFO: "GET /admin/ HTTP/1.1" 302 0
[2024.09.27 17:44:29] INFO: "GET /admin/login/?next=/admin/ HTTP/1.1" 200 4362
[2024.09.27 17:44:29] INFO: "GET /static/admin/css/base.css HTTP/1.1" 304 0
[2024.09.27 17:44:29] INFO: "GET /static/admin/css/dark_mode.css HTTP/1.1" 304 0
[2024.09.27 17:44:29] INFO: "GET /static/admin/js/theme.js HTTP/1.1" 304 0
[2024.09.27 17:44:29] INFO: "GET /static/admin/css/nav_sidebar.css HTTP/1.1" 304 0
[2024.09.27 17:44:29] INFO: "GET /static/admin/css/responsive.css HTTP/1.1" 304 0
[2024.09.27 17:44:29] INFO: "GET /static/admin/css/login.css HTTP/1.1" 304 0
[2024.09.27 17:44:29] INFO: "GET /static/admin/js/nav_sidebar.js HTTP/1.1" 304 0
[2024.09.27 17:44:30] INFO: "GET /catalog/ HTTP/1.1" 200 4027
[2024.09.27 17:44:48] INFO: "GET /cart/ HTTP/1.1" 302 0
[2024.09.27 17:44:48] WARNING: "GET /accounts/login/?next=/cart/ HTTP/1.1" 404 4464
[2024.09.27 17:44:58] INFO: "GET /product/5/ HTTP/1.1" 200 3268
[2024.09.27 17:45:01] INFO: "GET /login/ HTTP/1.1" 200 1586
[2024.09.27 17:45:05] INFO: - Broken pipe from ('127.0.0.1', 50351)
[2024.09.27 17:45:06] INFO: "POST /login/ HTTP/1.1" 302 0
[2024.09.27 17:45:06] INFO: "GET / HTTP/1.1" 200 0
[2024.09.27 17:45:10] INFO: "GET /catalog/ HTTP/1.1" 200 4379
[2024.09.27 17:45:29] INFO: "GET /product/6/ HTTP/1.1" 200 3621
[2024.09.27 17:45:30] INFO: "POST /add-to-cart/6/ HTTP/1.1" 302 0
[2024.09.27 17:45:30] INFO: "GET /cart/ HTTP/1.1" 200 3774
[2024.09.27 17:50:32] INFO: "GET /cart/ HTTP/1.1" 200 3111
[2024.09.27 17:50:34] INFO: "GET /catalog/ HTTP/1.1" 200 4379
[2024.09.27 17:50:36] INFO: "GET /product/6/ HTTP/1.1" 200 3621
[2024.09.27 17:50:37] INFO: "POST /add-to-cart/6/ HTTP/1.1" 302 0
[2024.09.27 17:50:37] INFO: "GET /cart/ HTTP/1.1" 200 3111
[2024.09.27 17:51:12] INFO: "GET /cart/ HTTP/1.1" 200 3111
[2024.09.27 17:51:13] INFO: "GET /cart/ HTTP/1.1" 200 3111
[2024.09.27 17:51:13] INFO: "GET /catalog/ HTTP/1.1" 200 4379
[2024.09.27 17:51:15] INFO: "GET /product/6/ HTTP/1.1" 200 3621
[2024.09.27 17:51:15] INFO: "POST /add-to-cart/6/ HTTP/1.1" 302 0
[2024.09.27 17:51:15] INFO: "GET /cart/ HTTP/1.1" 200 3111
[2024.09.27 18:34:20] INFO: "GET /catalog/ HTTP/1.1" 200 4379
[2024.09.27 18:34:21] INFO: "GET /product/5/ HTTP/1.1" 200 3620
[2024.09.27 18:34:22] INFO: "POST /add-to-cart/5/ HTTP/1.1" 302 0
[2024.09.27 18:34:22] INFO: "GET /cart/ HTTP/1.1" 200 3111
[2024.09.27 18:34:50] INFO: "GET /cart/ HTTP/1.1" 200 3111
[2024.09.27 18:34:51] INFO: "GET /catalog/ HTTP/1.1" 200 4379
[2024.09.27 18:34:53] INFO: "GET /product/6/ HTTP/1.1" 200 3621
[2024.09.27 18:34:53] INFO: "POST /add-to-cart/6/ HTTP/1.1" 302 0
[2024.09.27 18:34:53] INFO: "GET /cart/ HTTP/1.1" 200 3111
[2025.05.26 18:33:21] INFO: "GET / HTTP/1.1" 200 0
[2025.05.26 18:33:21] WARNING: "GET /favicon.ico HTTP/1.1" 404 4440
[2025.05.26 18:33:34] WARNING: "GET /home HTTP/1.1" 404 4419
[2025.05.26 18:33:50] INFO: "GET /login HTTP/1.1" 301 0
[2025.05.26 18:33:50] INFO: "GET /login/ HTTP/1.1" 200 1586
[2025.05.26 18:33:55] INFO: "GET /signup/ HTTP/1.1" 200 4249
[2025.05.26 18:34:19] INFO: "POST /signup/ HTTP/1.1" 200 4423
[2025.05.26 18:34:33] INFO: "POST /signup/ HTTP/1.1" 302 0
[2025.05.26 18:34:33] INFO: "GET / HTTP/1.1" 200 0
[2025.05.26 18:34:39] INFO: "GET /login/ HTTP/1.1" 200 1586
[2025.05.26 18:34:48] INFO: "POST /login/ HTTP/1.1" 302 0
[2025.05.26 18:34:48] INFO: "GET / HTTP/1.1" 200 0
[2025.05.26 18:34:53] WARNING: "GET /home HTTP/1.1" 404 4419
[2025.05.26 18:35:12] INFO: "GET /catalog HTTP/1.1" 301 0
[2025.05.26 18:35:12] INFO: "GET /catalog/ HTTP/1.1" 200 4381
[2025.05.26 18:35:12] INFO: "GET /media/static/img/%D0%A1%D0%BD%D0%B8%D0%BC%D0%BE%D0%BA_%D1%8D%D0%BA%D1%80%D0%B0%D0%BD%D0%B0_1.png HTTP/1.1" 200 904706
[2025.05.26 18:35:12] INFO: "GET /media/static/img/bmw-3-series-sedan-m-automobiles-sd-individual-10.jpg HTTP/1.1" 200 122179
[2025.05.26 18:35:15] INFO: "GET /profile/ HTTP/1.1" 200 3900
[2025.05.26 18:35:33] INFO: "GET /product/6/ HTTP/1.1" 200 3623
[2025.05.26 18:35:34] INFO: "POST /add-to-cart/6/ HTTP/1.1" 302 0
[2025.05.26 18:35:34] INFO: "GET /cart/ HTTP/1.1" 200 3113
[2025.05.26 18:40:45] INFO: "GET / HTTP/1.1" 302 0
[2025.05.26 18:40:45] INFO: "GET /login/ HTTP/1.1" 200 1586
[2025.05.26 18:40:51] ERROR: "POST /login/ HTTP/1.1" 500 87838
[2025.05.26 18:41:04] INFO: "GET /login/ HTTP/1.1" 200 1586
[2025.05.26 18:41:08] INFO: "GET /signup/ HTTP/1.1" 200 4249
[2025.05.26 18:41:13] ERROR: "POST /login/ HTTP/1.1" 500 87838
[2025.05.26 18:42:56] WARNING: "POST /login/ HTTP/1.1" 403 2545
[2025.05.26 18:42:57] INFO: "GET /login/ HTTP/1.1" 200 1586
[2025.05.26 18:43:01] INFO: "POST /login/ HTTP/1.1" 302 0
[2025.05.26 18:43:01] ERROR: "GET /catalog/ HTTP/1.1" 500 149282
[2025.05.26 18:46:16] ERROR: "GET /catalog/ HTTP/1.1" 500 149282
[2025.05.26 18:46:19] WARNING: "POST /login/ HTTP/1.1" 403 2545
[2025.05.26 18:48:12] WARNING: "POST /login/ HTTP/1.1" 403 2545
[2025.05.26 18:48:13] INFO: "GET /login/ HTTP/1.1" 200 1586
[2025.05.26 18:48:16] INFO: "POST /login/ HTTP/1.1" 302 0
[2025.05.26 18:48:17] ERROR: "GET /catalog/ HTTP/1.1" 500 149282
[2025.05.26 18:48:37] INFO: "GET /catalog/ HTTP/1.1" 200 4389
[2025.05.26 18:48:40] WARNING: "POST /login/ HTTP/1.1" 403 2545
[2025.05.26 18:48:44] INFO: "GET /login/ HTTP/1.1" 200 1586
[2025.05.26 18:48:45] INFO: "GET /login/ HTTP/1.1" 200 1586
[2025.05.26 18:48:49] INFO: "POST /login/ HTTP/1.1" 302 0
[2025.05.26 18:48:49] INFO: "GET /catalog/ HTTP/1.1" 200 4389
[2025.05.26 18:48:51] WARNING: "POST /login/ HTTP/1.1" 403 2545
[2025.05.26 18:48:54] INFO: "GET /login/ HTTP/1.1" 200 1586
[2025.05.26 18:49:18] INFO: "GET / HTTP/1.1" 302 0
[2025.05.26 18:49:18] INFO: "GET /login/ HTTP/1.1" 200 1586
[2025.05.26 18:49:22] INFO: "POST /login/ HTTP/1.1" 302 0
[2025.05.26 18:49:22] INFO: "GET /catalog/ HTTP/1.1" 200 4389
[2025.05.26 18:54:17] INFO: "GET /catalog/ HTTP/1.1" 200 4389
[2025.05.26 18:54:18] INFO: "GET /product/5/ HTTP/1.1" 200 3630
[2025.05.26 18:54:19] INFO: "POST /add-to-cart/5/ HTTP/1.1" 302 0
[2025.05.26 18:54:19] INFO: "GET /cart/ HTTP/1.1" 200 3121
[2025.05.26 18:58:39] INFO: "GET /cart/ HTTP/1.1" 200 2778
[2025.05.26 18:58:42] INFO: "GET /catalog/ HTTP/1.1" 200 4389
[2025.05.26 18:58:45] INFO: "GET /cart/ HTTP/1.1" 200 2778
[2025.05.26 18:58:46] INFO: "GET /catalog/ HTTP/1.1" 200 4389
[2025.05.26 18:58:47] INFO: "GET /product/5/ HTTP/1.1" 200 3630
[2025.05.26 18:58:48] INFO: "POST /add-to-cart/5/ HTTP/1.1" 302 0
[2025.05.26 18:58:48] INFO: "GET /cart/ HTTP/1.1" 200 2778
[2025.05.26 20:08:24] INFO: "GET /catalog/ HTTP/1.1" 200 4389
[2025.05.26 20:08:26] INFO: "GET /product/5/ HTTP/1.1" 200 3630
[2025.05.26 20:08:27] INFO: "POST /add-to-cart/5/ HTTP/1.1" 302 0
[2025.05.26 20:08:27] INFO: "GET /cart/ HTTP/1.1" 200 2778
[2025.05.26 20:16:56] INFO: "GET /cart/ HTTP/1.1" 200 2778
[2025.05.26 20:16:58] INFO: "POST /add-to-cart/5/ HTTP/1.1" 302 0
[2025.05.26 20:16:58] INFO: "GET /cart/ HTTP/1.1" 200 2778
[2025.05.26 20:17:38] INFO: "POST /add-to-cart/5/ HTTP/1.1" 302 0
[2025.05.26 20:17:38] INFO: "GET /cart/ HTTP/1.1" 200 2778
[2025.05.26 20:19:47] INFO: "GET /cart/ HTTP/1.1" 200 2778
[2025.05.26 20:19:48] INFO: "GET /catalog/ HTTP/1.1" 200 5041
[2025.05.26 20:19:50] INFO: "GET /add-to-cart/5/?quantity=1 HTTP/1.1" 302 0
[2025.05.26 20:19:50] INFO: "GET /cart/ HTTP/1.1" 200 2778
[2025.05.26 20:19:53] INFO: "GET /add-to-cart/5/?quantity=1 HTTP/1.1" 302 0
[2025.05.26 20:19:53] INFO: "GET /cart/ HTTP/1.1" 200 2778
[2025.05.26 20:19:55] INFO: "GET /product/5/ HTTP/1.1" 200 3630
[2025.05.26 20:19:56] INFO: "POST /add-to-cart/5/ HTTP/1.1" 302 0
[2025.05.26 20:19:56] INFO: "GET /cart/ HTTP/1.1" 200 2778
[2025.05.26 20:20:13] INFO: "GET /catalog/ HTTP/1.1" 200 4389
[2025.05.26 20:21:51] INFO: "GET /catalog/ HTTP/1.1" 200 4389
[2025.05.26 20:21:52] INFO: "GET /product/5/ HTTP/1.1" 200 3630
[2025.05.26 20:21:53] INFO: "POST /add-to-cart/5/ HTTP/1.1" 302 0
[2025.05.26 20:21:53] INFO: "GET /cart/ HTTP/1.1" 200 2778
[2025.05.26 20:23:43] INFO: "GET /cart/ HTTP/1.1" 200 2778
[2025.05.26 20:23:44] INFO: "GET /catalog/ HTTP/1.1" 200 4389
[2025.05.26 20:23:45] INFO: "GET /product/5/ HTTP/1.1" 200 3630
[2025.05.26 20:23:46] INFO: "POST /add-to-cart/5/ HTTP/1.1" 302 0
[2025.05.26 20:23:46] INFO: "GET /cart/ HTTP/1.1" 200 2778
[2025.05.26 20:23:56] INFO: "GET /cart/ HTTP/1.1" 200 2778
[2025.05.26 20:23:57] INFO: "GET /catalog/ HTTP/1.1" 200 4389
[2025.05.26 20:24:00] INFO: "GET / HTTP/1.1" 302 0
[2025.05.26 20:24:00] INFO: "GET /login/ HTTP/1.1" 200 1586
[2025.05.26 20:24:04] INFO: "POST /login/ HTTP/1.1" 302 0
[2025.05.26 20:24:04] INFO: "GET /catalog/ HTTP/1.1" 200 4389
[2025.05.26 20:24:05] INFO: "GET /product/5/ HTTP/1.1" 200 3630
[2025.05.26 20:24:06] INFO: "POST /add-to-cart/5/ HTTP/1.1" 302 0
[2025.05.26 20:24:06] INFO: "GET /cart/ HTTP/1.1" 200 2778
[2025.05.26 20:24:45] INFO: "GET /cart/ HTTP/1.1" 200 2778
[2025.05.26 20:24:46] INFO: "GET /cart/ HTTP/1.1" 200 2778
[2025.05.26 20:27:33] INFO: "GET /cart/ HTTP/1.1" 200 2778
[2025.05.26 20:27:33] INFO: "GET /catalog/ HTTP/1.1" 200 4389
[2025.05.26 20:27:34] INFO: "GET /product/5/ HTTP/1.1" 200 3630
[2025.05.26 20:27:35] INFO: "POST /add-to-cart/5/ HTTP/1.1" 302 0
[2025.05.26 20:27:35] INFO: "GET /cart/ HTTP/1.1" 200 2778
[2025.05.26 20:31:14] INFO: "GET /cart/ HTTP/1.1" 200 4385
[2025.05.26 20:31:16] INFO: "POST /cart/remove/6/ HTTP/1.1" 302 0
[2025.05.26 20:31:16] INFO: "GET /cart/ HTTP/1.1" 200 3769
[2025.05.26 20:31:17] INFO: "POST /cart/remove/5/ HTTP/1.1" 302 0
[2025.05.26 20:31:17] INFO: "GET /cart/ HTTP/1.1" 200 2778
[2025.05.26 20:31:18] INFO: "GET /catalog/ HTTP/1.1" 200 4389
[2025.05.26 20:31:19] INFO: "GET /product/5/ HTTP/1.1" 200 3630
[2025.05.26 20:31:21] INFO: "POST /add-to-cart/5/ HTTP/1.1" 302 0
[2025.05.26 20:31:21] INFO: "GET /cart/ HTTP/1.1" 200 3766
[2025.05.26 20:31:24] INFO: "GET /catalog/ HTTP/1.1" 200 4389
[2025.05.26 20:31:25] INFO: "GET /product/5/ HTTP/1.1" 200 3630
[2025.05.26 20:31:28] INFO: "POST /add-to-cart/5/ HTTP/1.1" 302 0
[2025.05.26 20:31:28] INFO: "GET /cart/ HTTP/1.1" 200 3766
[2025.05.26 20:31:41] INFO: "POST /add-to-cart/5/ HTTP/1.1" 302 0
[2025.05.26 20:31:41] INFO: "GET /cart/ HTTP/1.1" 200 3766
[2025.05.26 20:35:05] INFO: "GET /product/5/ HTTP/1.1" 200 3630
[2025.05.26 20:35:07] INFO: "POST /add-to-cart/5/ HTTP/1.1" 302 0
[2025.05.26 20:35:07] INFO: "GET /cart/ HTTP/1.1" 200 3768
[2025.05.26 20:35:09] INFO: "POST /cart/remove/5/ HTTP/1.1" 302 0
[2025.05.26 20:35:09] INFO: "GET /cart/ HTTP/1.1" 200 2778
[2025.05.26 20:35:10] INFO: "GET /catalog/ HTTP/1.1" 200 4389
[2025.05.26 20:35:11] INFO: "GET /product/6/ HTTP/1.1" 200 3631
[2025.05.26 20:35:14] INFO: "POST /add-to-cart/6/ HTTP/1.1" 302 0
[2025.05.26 20:35:14] INFO: "GET /cart/ HTTP/1.1" 200 3779
[2025.05.26 20:37:45] INFO: "POST /cart/remove/6/ HTTP/1.1" 302 0
[2025.05.26 20:37:45] INFO: "GET /cart/ HTTP/1.1" 200 2778
[2025.05.26 20:37:46] INFO: "GET /catalog/ HTTP/1.1" 200 4389
[2025.05.26 20:37:53] INFO: "GET /search/?q=weed HTTP/1.1" 200 3462
[2025.05.26 20:37:59] INFO: "GET /search/?q=B HTTP/1.1" 200 3457
[2025.05.26 20:38:04] INFO: "GET /search/?q=b HTTP/1.1" 200 3457
[2025.05.26 21:23:21] INFO: "GET / HTTP/1.1" 302 0
[2025.05.26 21:23:21] INFO: "GET /login/ HTTP/1.1" 200 1586
[2025.05.26 21:23:24] INFO: "POST /login/ HTTP/1.1" 200 1586
[2025.05.26 21:23:27] INFO: "POST /login/ HTTP/1.1" 200 1586
[2025.05.26 21:23:30] INFO: "POST /login/ HTTP/1.1" 200 1586
[2025.05.26 21:23:34] INFO: "GET /signup/ HTTP/1.1" 200 4249
[2025.05.26 21:23:54] ERROR: "POST /signup/ HTTP/1.1" 500 157438
[2025.05.26 21:24:52] INFO: "POST /signup/ HTTP/1.1" 200 4470
[2025.05.26 21:24:55] INFO: "GET /signup/ HTTP/1.1" 200 4249
[2025.05.26 21:25:02] INFO: "GET / HTTP/1.1" 302 0
[2025.05.26 21:25:02] INFO: "GET /login/ HTTP/1.1" 200 1586
[2025.05.26 21:25:05] INFO: "POST /login/ HTTP/1.1" 302 0
[2025.05.26 21:25:05] ERROR: "GET /catalog/ HTTP/1.1" 500 215177
[2025.05.26 21:41:07] INFO: "GET / HTTP/1.1" 302 0
[2025.05.26 21:41:07] INFO: "GET /login/ HTTP/1.1" 200 1586
[2025.05.26 21:41:11] INFO: "POST /login/ HTTP/1.1" 302 0
[2025.05.26 21:41:11] ERROR: "GET /catalog/ HTTP/1.1" 500 215241
[2025.05.26 21:47:07] INFO: "GET / HTTP/1.1" 302 0
[2025.05.26 21:47:07] INFO: "GET /login/ HTTP/1.1" 200 1586
[2025.05.26 21:47:11] INFO: "POST /login/ HTTP/1.1" 302 0
[2025.05.26 21:47:12] ERROR: "GET /catalog/ HTTP/1.1" 500 215241
[2025.05.26 21:53:16] INFO: "GET / HTTP/1.1" 302 0
[2025.05.26 21:53:16] INFO: "GET /login/ HTTP/1.1" 200 1586
[2025.05.26 21:53:19] INFO: "POST /login/ HTTP/1.1" 302 0
[2025.05.26 21:53:19] INFO: "GET /catalog/ HTTP/1.1" 200 4393
[2025.05.26 21:53:20] WARNING: "GET /media/static/img/%E2%95%A4%D1%8D%D1%88%D1%8C%D1%8E%D1%8A_%C2%A4%D1%8A%D0%81%D1%80%D1%8D%D1%80_1.png HTTP/1.1" 404 4687
[2025.05.27 20:52:18] WARNING: "GET /favicon.ico HTTP/1.1" 404 4266
[2025.05.27 20:52:20] INFO: "GET / HTTP/1.1" 302 0
[2025.05.27 20:52:20] INFO: "GET /login/ HTTP/1.1" 200 1586
[2025.05.27 20:52:24] INFO: "POST /login/ HTTP/1.1" 302 0
[2025.05.27 20:52:24] INFO: "GET /catalog/ HTTP/1.1" 200 4393
[2025.05.27 20:52:24] WARNING: "GET /media/static/img/%E2%95%A4%D1%8D%D1%88%D1%8C%D1%8E%D1%8A_%C2%A4%D1%8A%D0%81%D1%80%D1%8D%D1%80_1.png HTTP/1.1" 404 4687
[2025.05.27 20:52:24] INFO: "GET /media/static/img/bmw-3-series-sedan-m-automobiles-sd-individual-10.jpg HTTP/1.1" 304 0
[2025.05.27 20:52:44] INFO: "GET /profile/ HTTP/1.1" 200 3908
[2025.05.27 20:53:27] WARNING: "GET /media/static/img/%E2%95%A4%D1%8D%D1%88%D1%8C%D1%8E%D1%8A_%C2%A4%D1%8A%D0%81%D1%80%D1%8D%D1%80_1.png HTTP/1.1" 404 4687
[2025.05.27 20:53:44] INFO: "GET /product/6/ HTTP/1.1" 200 3632
[2025.05.27 20:53:45] INFO: "POST /add-to-cart/6/ HTTP/1.1" 302 0
[2025.05.27 20:53:45] INFO: "GET /cart/ HTTP/1.1" 200 3777
[2025.05.27 20:54:05] INFO: "GET /catalog/ HTTP/1.1" 200 4393
[2025.05.27 20:54:05] WARNING: "GET /media/static/img/%E2%95%A4%D1%8D%D1%88%D1%8C%D1%8E%D1%8A_%C2%A4%D1%8A%D0%81%D1%80%D1%8D%D1%80_1.png HTTP/1.1" 404 4687
[2025.05.27 20:57:38] INFO: "GET /admin HTTP/1.1" 301 0
[2025.05.27 20:57:38] INFO: "GET /admin/ HTTP/1.1" 302 0
[2025.05.27 20:57:39] INFO: "GET /admin/login/?next=/admin/ HTTP/1.1" 200 3934
[2025.05.27 20:57:39] INFO: "GET /static/admin/css/dark_mode.css HTTP/1.1" 200 2804
[2025.05.27 20:57:39] INFO: "GET /static/admin/css/base.css HTTP/1.1" 200 22092
[2025.05.27 20:57:39] INFO: "GET /static/admin/css/responsive.css HTTP/1.1" 200 17972
[2025.05.27 20:57:39] INFO: "GET /static/admin/css/login.css HTTP/1.1" 200 951
[2025.05.27 20:57:39] INFO: "GET /static/admin/js/theme.js HTTP/1.1" 200 1653
[2025.05.27 20:57:39] INFO: "GET /static/admin/css/nav_sidebar.css HTTP/1.1" 200 2810
[2025.05.27 20:57:39] INFO: "GET /static/admin/js/nav_sidebar.js HTTP/1.1" 200 3063
[2025.05.27 20:57:46] INFO: "POST /admin/login/?next=/admin/ HTTP/1.1" 302 0
[2025.05.27 20:57:46] INFO: "GET /admin/ HTTP/1.1" 200 11375
[2025.05.27 20:57:47] INFO: "GET /static/admin/css/dashboard.css HTTP/1.1" 200 441
[2025.05.27 20:57:47] INFO: "GET /static/admin/img/icon-changelink.svg HTTP/1.1" 200 380
[2025.05.27 20:57:47] INFO: "GET /static/admin/img/icon-addlink.svg HTTP/1.1" 200 331
[2025.05.27 20:57:47] INFO: "GET /static/admin/img/icon-deletelink.svg HTTP/1.1" 200 392
[2025.05.27 20:57:49] INFO: "GET /admin/app/product/ HTTP/1.1" 200 13192
[2025.05.27 20:57:49] INFO: "GET /static/admin/css/changelists.css HTTP/1.1" 200 6878
[2025.05.27 20:57:49] INFO: "GET /static/admin/js/jquery.init.js HTTP/1.1" 200 347
[2025.05.27 20:57:49] INFO: "GET /static/admin/js/core.js HTTP/1.1" 200 6208
[2025.05.27 20:57:49] INFO: "GET /static/admin/js/admin/RelatedObjectLookups.js HTTP/1.1" 200 9097
[2025.05.27 20:57:49] INFO: "GET /static/admin/js/actions.js HTTP/1.1" 200 8076
[2025.05.27 20:57:49] INFO: "GET /static/admin/js/urlify.js HTTP/1.1" 200 7887
[2025.05.27 20:57:49] INFO: "GET /static/admin/js/vendor/jquery/jquery.js HTTP/1.1" 200 285314
[2025.05.27 20:57:49] INFO: "GET /static/admin/js/prepopulate.js HTTP/1.1" 200 1531
[2025.05.27 20:57:49] INFO: "GET /static/admin/img/search.svg HTTP/1.1" 200 458
[2025.05.27 20:57:49] INFO: "GET /static/admin/js/vendor/xregexp/xregexp.js HTTP/1.1" 200 325171
[2025.05.27 20:57:49] INFO: "GET /admin/jsi18n/ HTTP/1.1" 200 17546
[2025.05.27 20:57:49] INFO: "GET /static/admin/js/filters.js HTTP/1.1" 200 978
[2025.05.27 20:57:49] INFO: "GET /static/admin/img/icon-viewlink.svg HTTP/1.1" 200 581
[2025.05.27 20:57:49] INFO: "GET /static/admin/img/tooltag-add.svg HTTP/1.1" 200 331
[2025.05.27 20:57:53] INFO: "GET /admin/app/product/6/change/ HTTP/1.1" 200 14226
[2025.05.27 20:57:53] INFO: "GET /static/admin/css/forms.css HTTP/1.1" 200 8710
[2025.05.27 20:57:53] INFO: "GET /static/admin/js/prepopulate_init.js HTTP/1.1" 200 586
[2025.05.27 20:57:53] INFO: "GET /static/admin/css/widgets.css HTTP/1.1" 200 11564
[2025.05.27 20:57:53] INFO: "GET /static/admin/js/change_form.js HTTP/1.1" 200 606
[2025.05.27 20:57:53] INFO: "GET /admin/jsi18n/ HTTP/1.1" 200 17546
[2025.05.27 20:58:30] INFO: "POST /admin/app/product/6/change/ HTTP/1.1" 200 14481
[2025.05.27 20:58:30] INFO: "GET /admin/jsi18n/ HTTP/1.1" 200 17546
[2025.05.27 20:58:34] INFO: "POST /admin/app/product/6/change/ HTTP/1.1" 302 0
[2025.05.27 20:58:34] INFO: "GET /admin/app/product/ HTTP/1.1" 200 13393
[2025.05.27 20:58:35] INFO: "GET /admin/jsi18n/ HTTP/1.1" 200 17546
[2025.05.27 20:58:35] INFO: "GET /static/admin/img/icon-yes.svg HTTP/1.1" 200 436
[2025.05.27 20:58:37] INFO: "GET /admin/app/product/5/change/ HTTP/1.1" 200 14193
[2025.05.27 20:58:37] INFO: "GET /admin/jsi18n/ HTTP/1.1" 200 17546
[2025.05.27 20:58:41] WARNING: "GET /media/static/img/%E2%95%A4%D1%8D%D1%88%D1%8C%D1%8E%D1%8A_%C2%A4%D1%8A%D0%81%D1%80%D1%8D%D1%80_1.png HTTP/1.1" 404 4687
[2025.05.27 20:58:47] INFO: "GET /admin/app/product/5/change/ HTTP/1.1" 200 14193
[2025.05.27 21:00:26] INFO: "GET /admin/app/productcategory/ HTTP/1.1" 200 11437
[2025.05.27 21:00:26] INFO: "GET /admin/jsi18n/ HTTP/1.1" 200 17546
[2025.05.27 21:00:28] INFO: "GET /admin/app/productcategory/3/change/ HTTP/1.1" 200 9971
[2025.05.27 21:00:28] INFO: "GET /admin/jsi18n/ HTTP/1.1" 200 17546
[2025.05.27 21:00:37] INFO: "POST /admin/app/productcategory/3/change/ HTTP/1.1" 302 0
[2025.05.27 21:00:37] INFO: "GET /admin/app/productcategory/ HTTP/1.1" 200 11674
[2025.05.27 21:00:37] INFO: "GET /admin/jsi18n/ HTTP/1.1" 200 17546
[2025.05.27 21:00:39] INFO: "GET /admin/app/productcategory/2/change/ HTTP/1.1" 200 9973
[2025.05.27 21:00:39] INFO: "GET /admin/jsi18n/ HTTP/1.1" 200 17546
[2025.05.27 21:00:45] INFO: "POST /admin/app/productcategory/2/change/ HTTP/1.1" 302 0
[2025.05.27 21:00:45] INFO: "GET /admin/app/productcategory/ HTTP/1.1" 200 11669
[2025.05.27 21:00:45] INFO: "GET /admin/jsi18n/ HTTP/1.1" 200 17546
[2025.05.27 21:00:47] INFO: "GET /admin/app/productcategory/1/change/ HTTP/1.1" 200 9974
[2025.05.27 21:00:47] INFO: "GET /admin/jsi18n/ HTTP/1.1" 200 17546
[2025.05.27 21:00:59] INFO: "POST /admin/app/productcategory/1/change/ HTTP/1.1" 302 0
[2025.05.27 21:00:59] INFO: "GET /admin/app/productcategory/ HTTP/1.1" 200 11662
[2025.05.27 21:00:59] INFO: "GET /admin/jsi18n/ HTTP/1.1" 200 17546
[2025.05.27 21:01:00] INFO: "GET /admin/app/product/ HTTP/1.1" 200 13172
[2025.05.27 21:01:00] INFO: "GET /admin/jsi18n/ HTTP/1.1" 200 17546
[2025.05.27 21:01:04] INFO: "GET /admin/auth/group/ HTTP/1.1" 200 9158
[2025.05.27 21:01:04] INFO: "GET /admin/jsi18n/ HTTP/1.1" 200 17546
[2025.05.27 21:01:05] INFO: "GET /admin/auth/user/ HTTP/1.1" 200 16507
[2025.05.27 21:01:05] INFO: "GET /static/admin/img/icon-no.svg HTTP/1.1" 200 560
[2025.05.27 21:01:05] INFO: "GET /admin/jsi18n/ HTTP/1.1" 200 17546
[2025.05.27 21:01:05] INFO: "GET /static/admin/img/sorting-icons.svg HTTP/1.1" 200 1097
[2025.05.27 21:01:22] INFO: "POST /admin/auth/user/ HTTP/1.1" 302 0
[2025.05.27 21:01:22] INFO: "GET /admin/auth/user/ HTTP/1.1" 200 16650
[2025.05.27 21:01:22] INFO: "GET /admin/jsi18n/ HTTP/1.1" 200 17546
[2025.05.27 21:01:22] INFO: "GET /static/admin/img/icon-alert.svg HTTP/1.1" 200 504
[2025.05.27 21:01:29] INFO: "POST /admin/auth/user/ HTTP/1.1" 200 9929
[2025.05.27 21:01:29] INFO: "GET /static/admin/js/cancel.js HTTP/1.1" 200 884
[2025.05.27 21:01:30] INFO: "POST /admin/auth/user/ HTTP/1.1" 302 0
[2025.05.27 21:01:30] INFO: "GET /admin/auth/user/ HTTP/1.1" 200 14059
[2025.05.27 21:01:30] INFO: "GET /admin/jsi18n/ HTTP/1.1" 200 17546
[2025.05.27 21:01:32] INFO: "GET /admin/app/product/ HTTP/1.1" 200 13172
[2025.05.27 21:01:32] INFO: "GET /admin/jsi18n/ HTTP/1.1" 200 17546
[2025.05.27 21:01:37] INFO: "GET /admin/app/product/5/change/ HTTP/1.1" 200 14193
[2025.05.27 21:01:37] INFO: "GET /admin/jsi18n/ HTTP/1.1" 200 17546
[2025.05.27 21:01:39] INFO: "GET /admin/app/productcategory/ HTTP/1.1" 200 11418
[2025.05.27 21:01:39] INFO: "GET /admin/jsi18n/ HTTP/1.1" 200 17546
[2025.05.27 21:01:45] INFO: "GET /admin/app/product/ HTTP/1.1" 200 13172
[2025.05.27 21:01:45] INFO: "GET /admin/jsi18n/ HTTP/1.1" 200 17546
[2025.05.27 21:01:50] INFO: "GET /admin/app/product/ HTTP/1.1" 200 13172
[2025.05.27 21:01:50] INFO: "GET /admin/jsi18n/ HTTP/1.1" 200 17546
[2025.05.27 21:01:52] INFO: "GET /admin/app/product/?o=4 HTTP/1.1" 200 13641
[2025.05.27 21:01:52] INFO: "GET /admin/jsi18n/ HTTP/1.1" 200 17546
[2025.05.27 21:01:54] INFO: "GET /admin/app/product/?o=-4 HTTP/1.1" 200 13655
[2025.05.27 21:01:54] INFO: "GET /admin/jsi18n/ HTTP/1.1" 200 17546
[2025.05.27 21:01:55] INFO: "GET /admin/app/product/6/change/?_changelist_filters=o%3D-4 HTTP/1.1" 200 14311
[2025.05.27 21:01:55] INFO: "GET /admin/jsi18n/ HTTP/1.1" 200 17546
[2025.05.27 21:01:57] INFO: "GET /admin/app/productcategory/2/change/?_to_field=id&_popup=1 HTTP/1.1" 200 4512
[2025.05.27 21:01:58] INFO: "GET /admin/jsi18n/ HTTP/1.1" 200 17546
[2025.05.27 21:01:59] INFO: "POST /admin/app/productcategory/2/change/?_to_field=id&_popup=1 HTTP/1.1" 200 465
[2025.05.27 21:01:59] INFO: "GET /static/admin/js/popup_response.js HTTP/1.1" 200 532
[2025.05.27 21:02:01] INFO: "GET /admin/app/productcategory/2/change/?_to_field=id&_popup=1 HTTP/1.1" 200 4512
[2025.05.27 21:02:01] INFO: "GET /admin/jsi18n/ HTTP/1.1" 200 17546
[2025.05.27 21:02:04] INFO: "POST /admin/app/productcategory/2/change/?_to_field=id&_popup=1 HTTP/1.1" 200 465
[2025.05.27 21:02:08] INFO: "GET /admin/app/product/6/change/?_changelist_filters=o%3D-4 HTTP/1.1" 200 14311
[2025.05.27 21:02:08] INFO: "GET /admin/jsi18n/ HTTP/1.1" 200 17546
[2025.05.27 21:02:12] INFO: "GET /admin/app/productcategory/2/change/?_to_field=id&_popup=1 HTTP/1.1" 200 4512
[2025.05.27 21:02:12] INFO: "GET /admin/jsi18n/ HTTP/1.1" 200 17546
[2025.05.27 21:02:15] INFO: "POST /admin/app/productcategory/2/change/?_to_field=id&_popup=1 HTTP/1.1" 200 465
[2025.05.27 21:02:18] INFO: "GET /admin/app/productcategory/ HTTP/1.1" 200 11418
[2025.05.27 21:02:18] INFO: "GET /admin/jsi18n/ HTTP/1.1" 200 17546
[2025.05.27 21:02:20] INFO: "GET /admin/app/product/ HTTP/1.1" 200 13172
[2025.05.27 21:02:20] INFO: "GET /admin/jsi18n/ HTTP/1.1" 200 17546
[2025.05.27 21:02:24] INFO: "GET /admin/app/product/5/change/ HTTP/1.1" 200 14193
[2025.05.27 21:02:24] INFO: "GET /admin/jsi18n/ HTTP/1.1" 200 17546
[2025.05.27 21:02:37] INFO: "GET /admin/app/productcategory/1/change/?_to_field=id&_popup=1 HTTP/1.1" 200 4511
[2025.05.27 21:02:37] INFO: "GET /admin/jsi18n/ HTTP/1.1" 200 17546
[2025.05.27 21:02:46] INFO: "GET /admin/app/productcategory/ HTTP/1.1" 200 11418
[2025.05.27 21:02:47] INFO: "GET /admin/jsi18n/ HTTP/1.1" 200 17546
[2025.05.27 21:02:50] INFO: "GET /admin/app/product/ HTTP/1.1" 200 13172
[2025.05.27 21:02:50] INFO: "GET /admin/jsi18n/ HTTP/1.1" 200 17546
[2025.05.27 21:02:56] INFO: "POST /admin/app/product/ HTTP/1.1" 200 9121
[2025.05.27 21:02:58] INFO: "POST /admin/app/product/ HTTP/1.1" 302 0
[2025.05.27 21:02:58] INFO: "GET /admin/app/product/ HTTP/1.1" 200 10112
[2025.05.27 21:02:58] INFO: "GET /admin/jsi18n/ HTTP/1.1" 200 17546
[2025.05.27 21:02:59] INFO: "GET /admin/app/productcategory/ HTTP/1.1" 200 11418
[2025.05.27 21:02:59] INFO: "GET /admin/jsi18n/ HTTP/1.1" 200 17546
[2025.05.27 21:03:07] INFO: "POST /admin/app/productcategory/ HTTP/1.1" 200 9370
[2025.05.27 21:03:09] INFO: "POST /admin/app/productcategory/ HTTP/1.1" 302 0
[2025.05.27 21:03:09] INFO: "GET /admin/app/productcategory/ HTTP/1.1" 200 9316
[2025.05.27 21:03:09] INFO: "GET /admin/jsi18n/ HTTP/1.1" 200 17546
[2025.05.27 21:03:11] INFO: "GET /admin/app/productcategory/add/ HTTP/1.1" 200 9697
[2025.05.27 21:03:11] INFO: "GET /admin/jsi18n/ HTTP/1.1" 200 17546
[2025.05.27 21:03:14] INFO: "POST /admin/app/productcategory/add/ HTTP/1.1" 302 0
[2025.05.27 21:03:14] INFO: "GET /admin/app/productcategory/ HTTP/1.1" 200 10960
[2025.05.27 21:03:14] INFO: "GET /admin/jsi18n/ HTTP/1.1" 200 17546
[2025.05.27 21:03:16] INFO: "GET /admin/app/productcategory/add/ HTTP/1.1" 200 9697
[2025.05.27 21:03:16] INFO: "GET /admin/jsi18n/ HTTP/1.1" 200 17546
[2025.05.27 21:03:21] INFO: "POST /admin/app/productcategory/add/ HTTP/1.1" 302 0
[2025.05.27 21:03:21] INFO: "GET /admin/app/productcategory/ HTTP/1.1" 200 11311
[2025.05.27 21:03:21] INFO: "GET /admin/jsi18n/ HTTP/1.1" 200 17546
[2025.05.27 21:03:23] INFO: "GET /admin/app/productcategory/add/ HTTP/1.1" 200 9697
[2025.05.27 21:03:23] INFO: "GET /admin/jsi18n/ HTTP/1.1" 200 17546
[2025.05.27 21:03:30] INFO: "POST /admin/app/productcategory/add/ HTTP/1.1" 302 0
[2025.05.27 21:03:30] INFO: "GET /admin/app/productcategory/ HTTP/1.1" 200 11660
[2025.05.27 21:03:30] INFO: "GET /admin/jsi18n/ HTTP/1.1" 200 17546
[2025.05.27 21:03:32] INFO: "GET /admin/app/product/ HTTP/1.1" 200 9961
[2025.05.27 21:03:33] INFO: "GET /admin/jsi18n/ HTTP/1.1" 200 17546
[2025.05.27 21:03:33] INFO: "GET /admin/app/product/add/ HTTP/1.1" 200 13558
[2025.05.27 21:03:34] INFO: "GET /admin/jsi18n/ HTTP/1.1" 200 17546
[2025.05.27 21:07:00] INFO: "GET /admin/app/product/add/ HTTP/1.1" 200 13499
[2025.05.27 21:07:00] INFO: "GET /admin/jsi18n/ HTTP/1.1" 200 17546
[2025.05.27 21:07:50] INFO: "GET /catalog/ HTTP/1.1" 200 2762
[2025.05.27 21:08:38] INFO: "POST /admin/app/product/add/ HTTP/1.1" 302 0
[2025.05.27 21:08:39] INFO: "GET /admin/app/product/ HTTP/1.1" 200 12837
[2025.05.27 21:08:39] INFO: "GET /admin/jsi18n/ HTTP/1.1" 200 17546
[2025.05.27 21:08:42] INFO: "GET /admin/app/productcategory/ HTTP/1.1" 200 11359
[2025.05.27 21:08:42] INFO: "GET /admin/jsi18n/ HTTP/1.1" 200 17546
[2025.05.27 21:08:49] INFO: "POST /admin/app/productcategory/ HTTP/1.1" 200 9452
[2025.05.27 21:08:50] INFO: "POST /admin/app/productcategory/ HTTP/1.1" 302 0
[2025.05.27 21:08:50] INFO: "GET /admin/app/productcategory/ HTTP/1.1" 200 9316
[2025.05.27 21:08:50] INFO: "GET /admin/jsi18n/ HTTP/1.1" 200 17546
[2025.05.27 21:08:57] INFO: "GET /admin/app/productcategory/add/ HTTP/1.1" 200 9697
[2025.05.27 21:08:57] INFO: "GET /admin/jsi18n/ HTTP/1.1" 200 17546
[2025.05.27 21:10:52] INFO: "POST /admin/app/productcategory/add/ HTTP/1.1" 302 0
[2025.05.27 21:10:52] INFO: "GET /admin/app/productcategory/ HTTP/1.1" 200 10919
[2025.05.27 21:10:53] INFO: "GET /admin/jsi18n/ HTTP/1.1" 200 17546
[2025.05.27 21:10:54] INFO: "GET /admin/app/productcategory/add/ HTTP/1.1" 200 9697
[2025.05.27 21:10:54] INFO: "GET /admin/jsi18n/ HTTP/1.1" 200 17546
[2025.05.27 21:11:04] INFO: "POST /admin/app/productcategory/add/ HTTP/1.1" 302 0
[2025.05.27 21:11:04] INFO: "GET /admin/app/productcategory/add/ HTTP/1.1" 200 10000
[2025.05.27 21:11:04] INFO: "GET /admin/jsi18n/ HTTP/1.1" 200 17546
[2025.05.27 21:11:17] INFO: "POST /admin/app/productcategory/add/ HTTP/1.1" 302 0
[2025.05.27 21:11:17] INFO: "GET /admin/app/productcategory/ HTTP/1.1" 200 11584
[2025.05.27 21:11:17] INFO: "GET /admin/jsi18n/ HTTP/1.1" 200 17546
[2025.05.27 21:11:30] INFO: "GET /admin/app/productcategory/add/ HTTP/1.1" 200 9697
[2025.05.27 21:11:30] INFO: "GET /admin/jsi18n/ HTTP/1.1" 200 17546
[2025.05.27 21:11:38] INFO: "POST /admin/app/productcategory/add/ HTTP/1.1" 302 0
[2025.05.27 21:11:38] INFO: "GET /admin/app/productcategory/ HTTP/1.1" 200 11921
[2025.05.27 21:11:38] INFO: "GET /admin/jsi18n/ HTTP/1.1" 200 17546
[2025.05.27 21:11:56] INFO: "GET /admin/app/productcategory/add/ HTTP/1.1" 200 9697
[2025.05.27 21:11:56] INFO: "GET /admin/jsi18n/ HTTP/1.1" 200 17546
[2025.05.27 21:11:58] INFO: "POST /admin/app/productcategory/add/ HTTP/1.1" 302 0
[2025.05.27 21:11:58] INFO: "GET /admin/app/productcategory/ HTTP/1.1" 200 12260
[2025.05.27 21:11:58] INFO: "GET /admin/jsi18n/ HTTP/1.1" 200 17546
[2025.05.27 21:14:20] INFO: "GET /admin/app/productcategory/add/ HTTP/1.1" 200 9697
[2025.05.27 21:14:21] INFO: "GET /admin/jsi18n/ HTTP/1.1" 200 17546
[2025.05.27 21:14:36] INFO: "POST /admin/app/productcategory/add/ HTTP/1.1" 302 0
[2025.05.27 21:14:36] INFO: "GET /admin/app/productcategory/ HTTP/1.1" 200 12595
[2025.05.27 21:14:36] INFO: "GET /admin/jsi18n/ HTTP/1.1" 200 17546
[2025.05.27 21:14:39] INFO: "GET /admin/app/product/ HTTP/1.1" 200 10110
[2025.05.27 21:14:39] INFO: "GET /admin/jsi18n/ HTTP/1.1" 200 17546
[2025.05.27 21:17:46] INFO: "GET /search/?q=b HTTP/1.1" 200 2807
[2025.05.28 21:02:54] INFO: "GET / HTTP/1.1" 302 0
[2025.05.28 21:02:54] INFO: "GET /login/ HTTP/1.1" 200 1586
[2025.05.28 21:02:54] WARNING: "GET /favicon.ico HTTP/1.1" 404 4266
[2025.05.28 21:02:58] INFO: "POST /login/ HTTP/1.1" 302 0
[2025.05.28 21:02:58] INFO: "GET /catalog/ HTTP/1.1" 200 2762
[2025.05.28 21:04:27] INFO: "GET /catalog/ HTTP/1.1" 200 2762
[2025.05.28 21:04:37] INFO: "GET /admin HTTP/1.1" 301 0
[2025.05.28 21:04:38] INFO: "GET /admin/ HTTP/1.1" 200 11354
[2025.05.28 21:04:38] INFO: "GET /static/admin/css/dashboard.css HTTP/1.1" 200 441
[2025.05.28 21:04:38] INFO: "GET /static/admin/img/icon-deletelink.svg HTTP/1.1" 200 392
[2025.05.28 21:04:43] INFO: "GET /admin/app/product/add/ HTTP/1.1" 200 13623
[2025.05.28 21:04:43] INFO: "GET /admin/jsi18n/ HTTP/1.1" 200 17546
[2025.05.28 21:05:46] INFO: "POST /admin/app/product/add/ HTTP/1.1" 302 0
[2025.05.28 21:05:46] INFO: "GET /admin/app/product/ HTTP/1.1" 200 13371
[2025.05.28 21:05:46] INFO: "GET /admin/jsi18n/ HTTP/1.1" 200 17546
[2025.05.28 21:05:48] INFO: "GET /admin/app/product/8/change/ HTTP/1.1" 200 14383
[2025.05.28 21:05:48] INFO: "GET /admin/jsi18n/ HTTP/1.1" 200 17546
[2025.05.28 21:05:57] INFO: "POST /admin/app/product/8/change/ HTTP/1.1" 302 0
[2025.05.28 21:05:57] INFO: "GET /admin/app/product/ HTTP/1.1" 200 13376
[2025.05.28 21:05:57] INFO: "GET /admin/jsi18n/ HTTP/1.1" 200 17546
[2025.05.28 21:06:10] INFO: "GET /catalog/ HTTP/1.1" 200 3643
[2025.05.28 21:06:10] INFO: "GET /media/static/img/ford_USH25tm.webp HTTP/1.1" 200 46676
[2025.05.28 21:06:13] INFO: "GET /product/8/ HTTP/1.1" 200 5512
[2025.05.28 21:06:13] INFO: "GET /media/static/img/ford_USH25tm.webp HTTP/1.1" 304 0
[2025.05.28 21:06:27] INFO: "POST /product/8/ HTTP/1.1" 302 0
[2025.05.28 21:06:27] INFO: "GET /product/8/ HTTP/1.1" 200 6460
[2025.05.28 21:06:27] INFO: "GET /media/static/img/ford_USH25tm.webp HTTP/1.1" 304 0
[2025.05.28 21:06:40] INFO: "POST /product/8/ HTTP/1.1" 200 6656
[2025.05.28 21:06:40] INFO: "GET /media/static/img/ford_USH25tm.webp HTTP/1.1" 304 0
[2025.05.28 21:06:44] INFO: "POST /product/8/ HTTP/1.1" 302 0
[2025.05.28 21:06:45] INFO: "GET /product/8/ HTTP/1.1" 200 7441
[2025.05.28 21:06:45] INFO: "GET /media/static/img/ford_USH25tm.webp HTTP/1.1" 304 0
[2025.05.28 21:06:53] ERROR: "GET /logout/ HTTP/1.1" 500 85860
[2025.05.28 21:06:56] WARNING: "GET /favicon.ico HTTP/1.1" 404 4266
[2025.05.28 21:09:07] INFO: "GET /logout/ HTTP/1.1" 302 0
[2025.05.28 21:09:07] ERROR: "GET / HTTP/1.1" 500 82854
[2025.05.28 21:09:10] INFO: "GET /profile/ HTTP/1.1" 302 0
[2025.05.28 21:09:10] WARNING: "GET /accounts/login/?next=/profile/ HTTP/1.1" 404 4306
[2025.05.28 21:09:14] INFO: "GET /logout/ HTTP/1.1" 302 0
[2025.05.28 21:09:15] ERROR: "GET / HTTP/1.1" 500 82717
[2025.05.28 21:09:37] INFO: "GET /catalog/ HTTP/1.1" 200 3291
[2025.05.28 21:09:37] INFO: "GET /media/static/img/ford_USH25tm.webp HTTP/1.1" 304 0
[2025.05.28 21:10:00] ERROR: "GET / HTTP/1.1" 500 82556
[2025.05.28 21:13:33] INFO: "GET / HTTP/1.1" 200 1586
[2025.05.28 21:13:39] INFO: "POST / HTTP/1.1" 302 0
[2025.05.28 21:13:39] INFO: "GET /catalog/ HTTP/1.1" 200 3643
[2025.05.28 21:13:40] INFO: "GET /media/static/img/ford_USH25tm.webp HTTP/1.1" 304 0
[2025.05.28 21:13:42] INFO: "GET /product/8/ HTTP/1.1" 200 7441
[2025.05.28 21:13:45] INFO: "GET /logout/ HTTP/1.1" 302 0
[2025.05.28 21:13:45] INFO: "GET /login/ HTTP/1.1" 200 1586
[2025.05.28 21:13:51] INFO: "POST /login/ HTTP/1.1" 302 0
[2025.05.28 21:13:51] INFO: "GET /catalog/ HTTP/1.1" 200 3643
[2025.05.28 21:13:57] INFO: "GET /logout/ HTTP/1.1" 302 0
[2025.05.28 21:13:57] INFO: "GET /login/ HTTP/1.1" 200 1586
[2025.05.28 21:14:04] INFO: "POST /login/ HTTP/1.1" 302 0
[2025.05.28 21:14:04] INFO: "GET /catalog/ HTTP/1.1" 200 3645
[2025.05.28 21:14:06] INFO: "GET /product/8/ HTTP/1.1" 200 7443
[2025.05.28 21:14:17] INFO: "GET /catalog/ HTTP/1.1" 200 3645
[2025.05.28 21:15:43] INFO: "GET /product/8/ HTTP/1.1" 200 7443
[2025.05.28 21:15:43] INFO: "GET /media/static/img/ford_USH25tm.webp HTTP/1.1" 304 0
[2025.05.28 21:15:53] INFO: "POST /product/8/ HTTP/1.1" 302 0
[2025.05.28 21:15:53] INFO: "GET /product/8/ HTTP/1.1" 200 8442
[2025.05.28 21:16:01] INFO: "POST /add-to-cart/8/ HTTP/1.1" 302 0
[2025.05.28 21:16:01] INFO: "GET /cart/ HTTP/1.1" 200 3795
[2025.05.28 21:16:11] INFO: "POST /add-to-cart/8/ HTTP/1.1" 302 0
[2025.05.28 21:16:11] INFO: "GET /cart/ HTTP/1.1" 200 3795
[2025.05.28 21:16:18] INFO: "GET /catalog/ HTTP/1.1" 200 3645
[2025.05.28 21:16:21] INFO: "GET /cart/ HTTP/1.1" 200 3795
[2025.05.28 21:16:22] INFO: "GET /cart/ HTTP/1.1" 200 3795
[2025.05.28 21:16:25] INFO: "GET /profile/ HTTP/1.1" 200 3908
[2025.05.28 21:16:28] INFO: "GET /cart/ HTTP/1.1" 200 3795
[2025.05.28 21:16:32] INFO: "GET /catalog/ HTTP/1.1" 200 3645
[2025.05.28 21:16:39] INFO: "GET /logout/ HTTP/1.1" 302 0
[2025.05.28 21:16:39] INFO: "GET /login/ HTTP/1.1" 200 1586
[2025.05.28 21:23:58] INFO: "POST /login/ HTTP/1.1" 302 0
[2025.05.28 21:23:59] INFO: "GET /catalog/ HTTP/1.1" 200 3645
[2025.05.28 21:23:59] INFO: "GET /media/static/img/ford_USH25tm.webp HTTP/1.1" 304 0
[2025.05.28 21:24:00] INFO: "GET /product/8/ HTTP/1.1" 200 8793
[2025.05.28 21:24:25] INFO: "POST /product/8/ HTTP/1.1" 302 0
[2025.05.28 21:24:25] INFO: "GET /product/8/ HTTP/1.1" 200 9812
[2025.05.28 21:25:03] INFO: "POST /product/8/ HTTP/1.1" 302 0
[2025.05.28 21:25:04] INFO: "GET /product/8/ HTTP/1.1" 200 10821
[2025.05.28 21:38:29] INFO: "GET /product/8/ HTTP/1.1" 200 11287
[2025.05.28 21:38:30] INFO: "GET /media/static/img/ford_USH25tm.webp HTTP/1.1" 304 0
[2025.05.28 21:38:46] INFO: "POST /product/8/ HTTP/1.1" 302 0
[2025.05.28 21:38:46] INFO: "GET /product/8/ HTTP/1.1" 200 12295
[2025.05.28 21:38:59] INFO: "GET /catalog/ HTTP/1.1" 200 3645
[2025.05.28 21:39:11] INFO: "GET /product/8/ HTTP/1.1" 200 12295
[2025.05.28 21:39:30] INFO: "GET /product/8/ HTTP/1.1" 200 12295
[2025.05.28 21:45:28] INFO: "GET /product/8/ HTTP/1.1" 200 12211
[2025.05.28 21:45:28] INFO: "GET /media/static/img/ford_USH25tm.webp HTTP/1.1" 304 0
[2025.05.28 21:45:42] INFO: "POST /product/8/ HTTP/1.1" 302 0
[2025.05.28 21:45:42] INFO: "GET /product/8/ HTTP/1.1" 200 13217
[2025.05.28 21:47:13] INFO: "GET /product/8/ HTTP/1.1" 200 13190
[2025.05.28 21:47:21] INFO: "POST /product/8/ HTTP/1.1" 302 0
[2025.05.28 21:47:21] INFO: "GET /product/8/ HTTP/1.1" 200 14198
[2025.05.28 21:47:52] INFO: "GET /catalog/ HTTP/1.1" 200 3645
[2025.05.28 21:48:31] INFO: "GET /product/8/ HTTP/1.1" 200 14198
[2025.05.28 21:48:46] INFO: "GET /admin/app/product/add/ HTTP/1.1" 302 0
[2025.05.28 21:48:46] INFO: "GET /admin/login/?next=/admin/app/product/add/ HTTP/1.1" 200 3966
[2025.05.28 21:48:46] INFO: "GET /static/admin/css/login.css HTTP/1.1" 200 951
[2025.05.28 21:48:53] INFO: "POST /admin/login/?next=/admin/app/product/add/ HTTP/1.1" 302 0
[2025.05.28 21:48:53] INFO: "GET /admin/app/product/add/ HTTP/1.1" 200 13623
[2025.05.28 21:48:54] INFO: "GET /admin/jsi18n/ HTTP/1.1" 200 17546
[2025.05.28 21:51:59] INFO: "POST /admin/app/product/add/ HTTP/1.1" 302 0
[2025.05.28 21:51:59] INFO: "GET /admin/app/product/ HTTP/1.1" 200 14383
[2025.05.28 21:51:59] INFO: "GET /admin/jsi18n/ HTTP/1.1" 200 17546
[2025.05.28 21:52:02] INFO: "GET /catalog/ HTTP/1.1" 200 4559
[2025.05.28 21:52:02] INFO: "GET /media/static/img/ford_USH25tm.webp HTTP/1.1" 304 0
[2025.05.28 21:52:02] INFO: "GET /media/static/img/camarooo.jpg HTTP/1.1" 200 38697
[2025.05.28 21:52:06] INFO: "GET /product/9/ HTTP/1.1" 200 6109
[2025.05.28 21:52:06] INFO: "GET /media/static/img/camarooo.jpg HTTP/1.1" 304 0
[2025.05.28 21:52:22] INFO: "POST /product/9/ HTTP/1.1" 302 0
[2025.05.28 21:52:22] INFO: "GET /product/9/ HTTP/1.1" 200 7088
[2025.05.28 21:52:22] INFO: "GET /media/static/img/camarooo.jpg HTTP/1.1" 304 0
[2025.05.28 21:52:27] INFO: "POST /add-to-cart/9/ HTTP/1.1" 302 0
[2025.05.28 21:52:27] INFO: "GET /cart/ HTTP/1.1" 200 3806
[2025.05.28 21:52:30] INFO: "GET /cart/ HTTP/1.1" 200 3806
[2025.05.28 21:52:31] INFO: "GET /catalog/ HTTP/1.1" 200 4559
[2025.05.28 21:52:31] INFO: "GET /media/static/img/camarooo.jpg HTTP/1.1" 304 0
[2025.05.28 21:52:32] INFO: "GET /product/8/ HTTP/1.1" 200 14196
[2025.05.28 21:52:33] INFO: "POST /add-to-cart/8/ HTTP/1.1" 302 0
[2025.05.28 21:52:33] INFO: "GET /cart/ HTTP/1.1" 200 4433
[2025.05.28 21:52:39] INFO: "POST /cart/remove/9/ HTTP/1.1" 302 0
[2025.05.28 21:52:39] INFO: "GET /cart/ HTTP/1.1" 200 3793
[2025.05.28 21:52:39] INFO: "POST /cart/remove/8/ HTTP/1.1" 302 0
[2025.05.28 21:52:39] INFO: "GET /cart/ HTTP/1.1" 200 2776
[2025.05.28 21:52:40] INFO: "GET /catalog/ HTTP/1.1" 200 4559
[2025.05.28 21:52:40] INFO: "GET /media/static/img/camarooo.jpg HTTP/1.1" 304 0
[2025.05.28 21:52:44] INFO: "GET /product/8/ HTTP/1.1" 200 14196
[2025.05.28 21:54:41] INFO: "GET /product/8/ HTTP/1.1" 200 14347
[2025.05.28 21:54:54] INFO: "POST /product/8/ HTTP/1.1" 302 0
[2025.05.28 21:54:54] INFO: "GET /product/8/ HTTP/1.1" 200 15364
[2025.05.28 21:55:04] INFO: "GET /catalog/ HTTP/1.1" 200 4559
[2025.05.28 21:55:05] INFO: "GET /media/static/img/camarooo.jpg HTTP/1.1" 304 0
[2025.05.28 21:55:12] INFO: "GET /product/9/ HTTP/1.1" 200 7239
[2025.05.28 21:57:49] ERROR: "GET / HTTP/1.1" 500 82737
[2025.05.28 21:58:07] INFO: "GET / HTTP/1.1" 200 1586
